# JRE version: OpenJDK Runtime Environment (7.0_65-b32) (build 1.7.0_65-b32)
# Java VM: OpenJDK Client VM (24.65-b04 mixed mode, sharing linux-x86 )
Heap
 def new generation   total 23424K, used 19193K [0x6a800000, 0x6c160000, 0x72800000)
  eden space 20864K,  89% used [0x6a800000, 0x6ba269a0, 0x6bc60000)
  from space 2560K,  23% used [0x6bee0000, 0x6bf77d78, 0x6c160000)
  to   space 2560K,   0% used [0x6bc60000, 0x6bc60000, 0x6bee0000)
 tenured generation   total 51816K, used 24772K [0x72800000, 0x75a9a000, 0x82800000)
   the space 51816K,  47% used [0x72800000, 0x74031210, 0x74031400, 0x75a9a000)
 compacting perm gen  total 40704K, used 40457K [0x82800000, 0x84fc0000, 0x92800000)
   the space 40704K,  99% used [0x82800000, 0x84f824d8, 0x84f82600, 0x84fc0000)
    ro space 10240K,  58% used [0x92800000, 0x92de0d00, 0x92de0e00, 0x93200000)
    rw space 12288K,  59% used [0x93200000, 0x93915cc0, 0x93915e00, 0x93e00000)
GC Heap History (10 events):
Event: 1638.152 GC heap before
{Heap before GC invocations=76 (full 29):
 def new generation   total 23424K, used 20967K [0x6a800000, 0x6c160000, 0x72800000)
  eden space 20864K, 100% used [0x6a800000, 0x6bc60000, 0x6bc60000)
  from space 2560K,   4% used [0x6bee0000, 0x6bef9c68, 0x6c160000)
  to   space 2560K,   0% used [0x6bc60000, 0x6bc60000, 0x6bee0000)
 tenured generation   total 51816K, used 24252K [0x72800000, 0x75a9a000, 0x82800000)
   the space 51816K,  46% used [0x72800000, 0x73faf298, 0x73faf400, 0x75a9a000)
 compacting perm gen  total 40448K, used 40416K [0x82800000, 0x84f80000, 0x92800000)
   the space 40448K,  99% used [0x82800000, 0x84f78280, 0x84f78400, 0x84f80000)
    ro space 10240K,  58% used [0x92800000, 0x92de0d00, 0x92de0e00, 0x93200000)
    rw space 12288K,  59% used [0x93200000, 0x93915cc0, 0x93915e00, 0x93e00000)
Event: 1638.159 GC heap after
Heap after GC invocations=77 (full 29):
 def new generation   total 23424K, used 352K [0x6a800000, 0x6c160000, 0x72800000)
  eden space 20864K,   0% used [0x6a800000, 0x6a800000, 0x6bc60000)
  from space 2560K,  13% used [0x6bc60000, 0x6bcb8290, 0x6bee0000)
  to   space 2560K,   0% used [0x6bee0000, 0x6bee0000, 0x6c160000)
 tenured generation   total 51816K, used 24252K [0x72800000, 0x75a9a000, 0x82800000)
   the space 51816K,  46% used [0x72800000, 0x73faf298, 0x73faf400, 0x75a9a000)
 compacting perm gen  total 40448K, used 40416K [0x82800000, 0x84f80000, 0x92800000)
   the space 40448K,  99% used [0x82800000, 0x84f78280, 0x84f78400, 0x84f80000)
    ro space 10240K,  58% used [0x92800000, 0x92de0d00, 0x92de0e00, 0x93200000)
    rw space 12288K,  59% used [0x93200000, 0x93915cc0, 0x93915e00, 0x93e00000)
}
Event: 1655.530 GC heap before
{Heap before GC invocations=77 (full 29):
 def new generation   total 23424K, used 21216K [0x6a800000, 0x6c160000, 0x72800000)
  eden space 20864K, 100% used [0x6a800000, 0x6bc60000, 0x6bc60000)
  from space 2560K,  13% used [0x6bc60000, 0x6bcb8290, 0x6bee0000)
  to   space 2560K,   0% used [0x6bee0000, 0x6bee0000, 0x6c160000)
 tenured generation   total 51816K, used 24252K [0x72800000, 0x75a9a000, 0x82800000)
   the space 51816K,  46% used [0x72800000, 0x73faf298, 0x73faf400, 0x75a9a000)
 compacting perm gen  total 40448K, used 40416K [0x82800000, 0x84f80000, 0x92800000)
   the space 40448K,  99% used [0x82800000, 0x84f782b0, 0x84f78400, 0x84f80000)
    ro space 10240K,  58% used [0x92800000, 0x92de0d00, 0x92de0e00, 0x93200000)
    rw space 12288K,  59% used [0x93200000, 0x93915cc0, 0x93915e00, 0x93e00000)
Event: 1655.537 GC heap after
Heap after GC invocations=78 (full 29):
 def new generation   total 23424K, used 135K [0x6a800000, 0x6c160000, 0x72800000)
  eden space 20864K,   0% used [0x6a800000, 0x6a800000, 0x6bc60000)
  from space 2560K,   5% used [0x6bee0000, 0x6bf01f08, 0x6c160000)
  to   space 2560K,   0% used [0x6bc60000, 0x6bc60000, 0x6bee0000)
 tenured generation   total 51816K, used 24252K [0x72800000, 0x75a9a000, 0x82800000)
   the space 51816K,  46% used [0x72800000, 0x73faf298, 0x73faf400, 0x75a9a000)
 compacting perm gen  total 40448K, used 40416K [0x82800000, 0x84f80000, 0x92800000)
   the space 40448K,  99% used [0x82800000, 0x84f782b0, 0x84f78400, 0x84f80000)
    ro space 10240K,  58% used [0x92800000, 0x92de0d00, 0x92de0e00, 0x93200000)
    rw space 12288K,  59% used [0x93200000, 0x93915cc0, 0x93915e00, 0x93e00000)
}
Event: 1661.371 GC heap before
{Heap before GC invocations=78 (full 29):
 def new generation   total 23424K, used 6510K [0x6a800000, 0x6c160000, 0x72800000)
  eden space 20864K,  30% used [0x6a800000, 0x6ae39968, 0x6bc60000)
  from space 2560K,   5% used [0x6bee0000, 0x6bf01f08, 0x6c160000)
  to   space 2560K,   0% used [0x6bc60000, 0x6bc60000, 0x6bee0000)
 tenured generation   total 51816K, used 24252K [0x72800000, 0x75a9a000, 0x82800000)
   the space 51816K,  46% used [0x72800000, 0x73faf298, 0x73faf400, 0x75a9a000)
 compacting perm gen  total 40448K, used 40416K [0x82800000, 0x84f80000, 0x92800000)
   the space 40448K,  99% used [0x82800000, 0x84f782b0, 0x84f78400, 0x84f80000)
    ro space 10240K,  58% used [0x92800000, 0x92de0d00, 0x92de0e00, 0x93200000)
    rw space 12288K,  59% used [0x93200000, 0x93915cc0, 0x93915e00, 0x93e00000)
Event: 1661.613 GC heap after
Heap after GC invocations=79 (full 30):
 def new generation   total 23424K, used 0K [0x6a800000, 0x6c160000, 0x72800000)
  eden space 20864K,   0% used [0x6a800000, 0x6a800000, 0x6bc60000)
  from space 2560K,   0% used [0x6bee0000, 0x6bee0000, 0x6c160000)
  to   space 2560K,   0% used [0x6bc60000, 0x6bc60000, 0x6bee0000)
 tenured generation   total 51816K, used 24772K [0x72800000, 0x75a9a000, 0x82800000)
   the space 51816K,  47% used [0x72800000, 0x74031210, 0x74031400, 0x75a9a000)
 compacting perm gen  total 40448K, used 40416K [0x82800000, 0x84f80000, 0x92800000)
   the space 40448K,  99% used [0x82800000, 0x84f782b0, 0x84f78400, 0x84f80000)
    ro space 10240K,  58% used [0x92800000, 0x92de0d00, 0x92de0e00, 0x93200000)
    rw space 12288K,  59% used [0x93200000, 0x93915cc0, 0x93915e00, 0x93e00000)
}
Event: 1676.309 GC heap before
{Heap before GC invocations=79 (full 30):
 def new generation   total 23424K, used 20864K [0x6a800000, 0x6c160000, 0x72800000)
  eden space 20864K, 100% used [0x6a800000, 0x6bc60000, 0x6bc60000)
  from space 2560K,   0% used [0x6bee0000, 0x6bee0000, 0x6c160000)
  to   space 2560K,   0% used [0x6bc60000, 0x6bc60000, 0x6bee0000)
 tenured generation   total 51816K, used 24772K [0x72800000, 0x75a9a000, 0x82800000)
   the space 51816K,  47% used [0x72800000, 0x74031210, 0x74031400, 0x75a9a000)
 compacting perm gen  total 40448K, used 40417K [0x82800000, 0x84f80000, 0x92800000)
   the space 40448K,  99% used [0x82800000, 0x84f786f0, 0x84f78800, 0x84f80000)
    ro space 10240K,  58% used [0x92800000, 0x92de0d00, 0x92de0e00, 0x93200000)
    rw space 12288K,  59% used [0x93200000, 0x93915cc0, 0x93915e00, 0x93e00000)
Event: 1676.316 GC heap after
Heap after GC invocations=80 (full 30):
 def new generation   total 23424K, used 144K [0x6a800000, 0x6c160000, 0x72800000)
  eden space 20864K,   0% used [0x6a800000, 0x6a800000, 0x6bc60000)
  from space 2560K,   5% used [0x6bc60000, 0x6bc84058, 0x6bee0000)
  to   space 2560K,   0% used [0x6bee0000, 0x6bee0000, 0x6c160000)
 tenured generation   total 51816K, used 24772K [0x72800000, 0x75a9a000, 0x82800000)
   the space 51816K,  47% used [0x72800000, 0x74031210, 0x74031400, 0x75a9a000)
 compacting perm gen  total 40448K, used 40417K [0x82800000, 0x84f80000, 0x92800000)
   the space 40448K,  99% used [0x82800000, 0x84f786f0, 0x84f78800, 0x84f80000)
    ro space 10240K,  58% used [0x92800000, 0x92de0d00, 0x92de0e00, 0x93200000)
    rw space 12288K,  59% used [0x93200000, 0x93915cc0, 0x93915e00, 0x93e00000)
}
Event: 1685.569 GC heap before
{Heap before GC invocations=80 (full 30):
 def new generation   total 23424K, used 21002K [0x6a800000, 0x6c160000, 0x72800000)
  eden space 20864K,  99% used [0x6a800000, 0x6bc5e8e8, 0x6bc60000)
  from space 2560K,   5% used [0x6bc60000, 0x6bc84058, 0x6bee0000)
  to   space 2560K,   0% used [0x6bee0000, 0x6bee0000, 0x6c160000)
 tenured generation   total 51816K, used 24772K [0x72800000, 0x75a9a000, 0x82800000)
   the space 51816K,  47% used [0x72800000, 0x74031210, 0x74031400, 0x75a9a000)
 compacting perm gen  total 40448K, used 40417K [0x82800000, 0x84f80000, 0x92800000)
   the space 40448K,  99% used [0x82800000, 0x84f78710, 0x84f78800, 0x84f80000)
    ro space 10240K,  58% used [0x92800000, 0x92de0d00, 0x92de0e00, 0x93200000)
    rw space 12288K,  59% used [0x93200000, 0x93915cc0, 0x93915e00, 0x93e00000)
Event: 1685.579 GC heap after
Heap after GC invocations=81 (full 30):
 def new generation   total 23424K, used 607K [0x6a800000, 0x6c160000, 0x72800000)
  eden space 20864K,   0% used [0x6a800000, 0x6a800000, 0x6bc60000)
  from space 2560K,  23% used [0x6bee0000, 0x6bf77d78, 0x6c160000)
  to   space 2560K,   0% used [0x6bc60000, 0x6bc60000, 0x6bee0000)
 tenured generation   total 51816K, used 24772K [0x72800000, 0x75a9a000, 0x82800000)
   the space 51816K,  47% used [0x72800000, 0x74031210, 0x74031400, 0x75a9a000)
 compacting perm gen  total 40448K, used 40417K [0x82800000, 0x84f80000, 0x92800000)
   the space 40448K,  99% used [0x82800000, 0x84f78710, 0x84f78800, 0x84f80000)
    ro space 10240K,  58% used [0x92800000, 0x92de0d00, 0x92de0e00, 0x93200000)
    rw space 12288K,  59% used [0x93200000, 0x93915cc0, 0x93915e00, 0x93e00000)
}

